0 info it worked if it ends with ok
1 verbose cli [ '/usr/local/bin/node',
1 verbose cli   '/usr/local/bin/npm',
1 verbose cli   'run',
1 verbose cli   'build-css' ]
2 info using npm@3.10.6
3 info using node@v4.4.5
4 verbose run-script [ 'prebuild-css', 'build-css', 'postbuild-css' ]
5 info lifecycle suddendeath@1.0.0~prebuild-css: suddendeath@1.0.0
6 silly lifecycle suddendeath@1.0.0~prebuild-css: no script for prebuild-css, continuing
7 info lifecycle suddendeath@1.0.0~build-css: suddendeath@1.0.0
8 verbose lifecycle suddendeath@1.0.0~build-css: unsafe-perm in lifecycle true
9 verbose lifecycle suddendeath@1.0.0~build-css: PATH: /usr/local/lib/node_modules/npm/bin/node-gyp-bin:/Users/joel/Documents/Programming/suddendeath/node_modules/.bin:/usr/local/bin:/usr/bin:/bin:/usr/sbin:/sbin:/usr/local/go/bin:/Applications/Postgres.app/Contents/Versions/latest/bin:/Applications/Postgres.app/Contents/Versions/latest/bin
10 verbose lifecycle suddendeath@1.0.0~build-css: CWD: /Users/joel/Documents/Programming/suddendeath
11 silly lifecycle suddendeath@1.0.0~build-css: Args: [ '-c', 'node-css -w public/assets/styles -o css/styles.css' ]
12 info lifecycle suddendeath@1.0.0~build-css: Failed to exec build-css script
13 verbose stack Error: suddendeath@1.0.0 build-css: `node-css -w public/assets/styles -o css/styles.css`
13 verbose stack spawn ENOENT
13 verbose stack     at ChildProcess.<anonymous> (/usr/local/lib/node_modules/npm/lib/utils/spawn.js:33:16)
13 verbose stack     at emitTwo (events.js:87:13)
13 verbose stack     at ChildProcess.emit (events.js:172:7)
13 verbose stack     at maybeClose (internal/child_process.js:827:16)
13 verbose stack     at Process.ChildProcess._handle.onexit (internal/child_process.js:211:5)
14 verbose pkgid suddendeath@1.0.0
15 verbose cwd /Users/joel/Documents/Programming/suddendeath
16 error Darwin 15.6.0
17 error argv "/usr/local/bin/node" "/usr/local/bin/npm" "run" "build-css"
18 error node v4.4.5
19 error npm  v3.10.6
20 error file sh
21 error code ELIFECYCLE
22 error errno ENOENT
23 error syscall spawn
24 error suddendeath@1.0.0 build-css: `node-css -w public/assets/styles -o css/styles.css`
24 error spawn ENOENT
25 error Failed at the suddendeath@1.0.0 build-css script 'node-css -w public/assets/styles -o css/styles.css'.
25 error Make sure you have the latest version of node.js and npm installed.
25 error If you do, this is most likely a problem with the suddendeath package,
25 error not with npm itself.
25 error Tell the author that this fails on your system:
25 error     node-css -w public/assets/styles -o css/styles.css
25 error You can get information on how to open an issue for this project with:
25 error     npm bugs suddendeath
25 error Or if that isn't available, you can get their info via:
25 error     npm owner ls suddendeath
25 error There is likely additional logging output above.
26 verbose exit [ 1, true ]
